<?xml version="1.0" encoding="UTF-8"?>
<testng-results skipped="0" failed="0" ignored="0" total="1" passed="1">
  <reporter-output>
  </reporter-output>
  <suite name="Default suite" duration-ms="22469" started-at="2020-03-08T08:32:47Z" finished-at="2020-03-08T08:33:09Z">
    <groups>
      <group name="cucumber">
        <method signature="TestRunner.feature(io.cucumber.testng.PickleEventWrapper, io.cucumber.testng.CucumberFeatureWrapper)[pri:0, instance:org.techAltum.runner.TestRunner@e25b2fe]" name="feature" class="org.techAltum.runner.TestRunner"/>
      </group> <!-- cucumber -->
    </groups>
    <test name="Default test" duration-ms="22469" started-at="2020-03-08T08:32:47Z" finished-at="2020-03-08T08:33:09Z">
      <class name="org.techAltum.runner.TestRunner">
        <test-method status="PASS" signature="beforeClass()[pri:0, instance:org.techAltum.runner.TestRunner@e25b2fe]" name="beforeClass" is-config="true" duration-ms="131" started-at="2020-03-08T08:32:47Z" finished-at="2020-03-08T08:32:47Z">
          <reporter-output>
          </reporter-output>
        </test-method> <!-- beforeClass -->
        <test-method status="PASS" signature="feature(io.cucumber.testng.PickleEventWrapper, io.cucumber.testng.CucumberFeatureWrapper)[pri:0, instance:org.techAltum.runner.TestRunner@e25b2fe]" name="feature" duration-ms="22215" started-at="2020-03-08T08:32:47Z" description="Cucumber Project" data-provider="features" finished-at="2020-03-08T08:33:09Z">
          <params>
            <param index="0">
              <value>
                <![CDATA["Initiate Search for ONEWAY"]]>
              </value>
            </param>
            <param index="1">
              <value>
                <![CDATA["Automate home page features such as initiate search etc"]]>
              </value>
            </param>
          </params>
          <reporter-output>
          </reporter-output>
        </test-method> <!-- feature -->
        <test-method status="PASS" signature="afterClass()[pri:0, instance:org.techAltum.runner.TestRunner@e25b2fe]" name="afterClass" is-config="true" duration-ms="68" started-at="2020-03-08T08:33:09Z" finished-at="2020-03-08T08:33:09Z">
          <reporter-output>
          </reporter-output>
        </test-method> <!-- afterClass -->
      </class> <!-- org.techAltum.runner.TestRunner -->
    </test> <!-- Default test -->
  </suite> <!-- Default suite -->
</testng-results>
